{"/Users/usuario/CursoFrontend/kasane/src/data/instruments.ts": {"path":"/Users/usuario/CursoFrontend/kasane/src/data/instruments.ts","statementMap":{"0":{"start":{"line":79,"column":42},"end":{"line":139,"column":null}},"1":{"start":{"line":145,"column":2},"end":{"line":145,"column":null}},"2":{"start":{"line":145,"column":32},"end":{"line":145,"column":43}},"3":{"start":{"line":161,"column":31},"end":{"line":161,"column":null}},"4":{"start":{"line":162,"column":2},"end":{"line":164,"column":null}},"5":{"start":{"line":162,"column":15},"end":{"line":162,"column":21}},"6":{"start":{"line":163,"column":4},"end":{"line":163,"column":null}},"7":{"start":{"line":165,"column":2},"end":{"line":165,"column":null}}},"fnMap":{"0":{"name":"findInstrumento","decl":{"start":{"line":144,"column":16},"end":{"line":144,"column":32}},"loc":{"start":{"line":144,"column":68},"end":{"line":146,"column":null}},"line":144},"1":{"name":"(anonymous_1)","decl":{"start":{"line":145,"column":27},"end":{"line":145,"column":32}},"loc":{"start":{"line":145,"column":32},"end":{"line":145,"column":43}},"line":145},"2":{"name":"generarHorizontes","decl":{"start":{"line":160,"column":16},"end":{"line":160,"column":34}},"loc":{"start":{"line":160,"column":62},"end":{"line":166,"column":null}},"line":160}},"branchMap":{},"s":{"0":1,"1":8,"2":26,"3":0,"4":0,"5":0,"6":0,"7":0},"f":{"0":8,"1":26,"2":0},"b":{},"meta":{"lastBranch":0,"lastFunction":3,"lastStatement":8,"seen":{"s:79:42:139:Infinity":0,"f:144:16:144:32":0,"s:145:2:145:Infinity":1,"f:145:27:145:32":1,"s:145:32:145:43":2,"f:160:16:160:34":2,"s:161:31:161:Infinity":3,"s:162:2:164:Infinity":4,"s:162:15:162:21":5,"s:163:4:163:Infinity":6,"s:165:2:165:Infinity":7}}}
,"/Users/usuario/CursoFrontend/kasane/src/services/alphaVantageService.ts": {"path":"/Users/usuario/CursoFrontend/kasane/src/services/alphaVantageService.ts","statementMap":{"0":{"start":{"line":3,"column":17},"end":{"line":3,"column":null}},"1":{"start":{"line":4,"column":16},"end":{"line":4,"column":null}},"2":{"start":{"line":7,"column":14},"end":{"line":7,"column":null}},"3":{"start":{"line":9,"column":12},"end":{"line":12,"column":null}},"4":{"start":{"line":15,"column":16},"end":{"line":15,"column":null}},"5":{"start":{"line":16,"column":2},"end":{"line":16,"column":null}},"6":{"start":{"line":16,"column":14},"end":{"line":16,"column":null}},"7":{"start":{"line":17,"column":2},"end":{"line":20,"column":null}},"8":{"start":{"line":18,"column":4},"end":{"line":18,"column":null}},"9":{"start":{"line":19,"column":4},"end":{"line":19,"column":null}},"10":{"start":{"line":21,"column":2},"end":{"line":21,"column":null}},"11":{"start":{"line":25,"column":2},"end":{"line":25,"column":null}},"12":{"start":{"line":33,"column":2},"end":{"line":36,"column":null}},"13":{"start":{"line":34,"column":4},"end":{"line":34,"column":null}},"14":{"start":{"line":38,"column":14},"end":{"line":38,"column":null}},"15":{"start":{"line":39,"column":2},"end":{"line":41,"column":null}},"16":{"start":{"line":40,"column":4},"end":{"line":40,"column":null}},"17":{"start":{"line":43,"column":14},"end":{"line":43,"column":null}},"18":{"start":{"line":44,"column":2},"end":{"line":44,"column":null}},"19":{"start":{"line":44,"column":15},"end":{"line":44,"column":null}},"20":{"start":{"line":46,"column":16},"end":{"line":46,"column":null}},"21":{"start":{"line":49,"column":2},"end":{"line":51,"column":null}},"22":{"start":{"line":50,"column":4},"end":{"line":50,"column":null}},"23":{"start":{"line":52,"column":2},"end":{"line":54,"column":null}},"24":{"start":{"line":53,"column":4},"end":{"line":53,"column":null}},"25":{"start":{"line":55,"column":2},"end":{"line":61,"column":null}},"26":{"start":{"line":60,"column":4},"end":{"line":60,"column":null}},"27":{"start":{"line":63,"column":2},"end":{"line":63,"column":null}},"28":{"start":{"line":73,"column":14},"end":{"line":73,"column":null}},"29":{"start":{"line":74,"column":17},"end":{"line":74,"column":null}},"30":{"start":{"line":75,"column":2},"end":{"line":75,"column":null}},"31":{"start":{"line":75,"column":14},"end":{"line":75,"column":null}},"32":{"start":{"line":77,"column":15},"end":{"line":81,"column":null}},"33":{"start":{"line":84,"column":17},"end":{"line":84,"column":null}},"34":{"start":{"line":85,"column":2},"end":{"line":85,"column":null}},"35":{"start":{"line":85,"column":15},"end":{"line":85,"column":null}},"36":{"start":{"line":87,"column":33},"end":{"line":96,"column":null}},"37":{"start":{"line":88,"column":25},"end":{"line":95,"column":6}},"38":{"start":{"line":96,"column":20},"end":{"line":96,"column":75}},"39":{"start":{"line":98,"column":2},"end":{"line":98,"column":null}},"40":{"start":{"line":99,"column":2},"end":{"line":99,"column":null}},"41":{"start":{"line":109,"column":14},"end":{"line":109,"column":null}},"42":{"start":{"line":110,"column":17},"end":{"line":110,"column":null}},"43":{"start":{"line":111,"column":2},"end":{"line":111,"column":null}},"44":{"start":{"line":111,"column":14},"end":{"line":111,"column":null}},"45":{"start":{"line":113,"column":15},"end":{"line":113,"column":null}},"46":{"start":{"line":116,"column":2},"end":{"line":129,"column":null}},"47":{"start":{"line":117,"column":4},"end":{"line":128,"column":null}},"48":{"start":{"line":131,"column":33},"end":{"line":142,"column":null}},"49":{"start":{"line":144,"column":2},"end":{"line":144,"column":null}},"50":{"start":{"line":145,"column":2},"end":{"line":145,"column":null}},"51":{"start":{"line":157,"column":39},"end":{"line":157,"column":null}},"52":{"start":{"line":158,"column":17},"end":{"line":158,"column":null}},"53":{"start":{"line":159,"column":2},"end":{"line":159,"column":null}},"54":{"start":{"line":159,"column":28},"end":{"line":159,"column":54}},"55":{"start":{"line":163,"column":2},"end":{"line":163,"column":null}}},"fnMap":{"0":{"name":"getCache","decl":{"start":{"line":14,"column":9},"end":{"line":14,"column":21}},"loc":{"start":{"line":14,"column":44},"end":{"line":22,"column":null}},"line":14},"1":{"name":"setCache","decl":{"start":{"line":24,"column":9},"end":{"line":24,"column":18}},"loc":{"start":{"line":24,"column":46},"end":{"line":26,"column":null}},"line":24},"2":{"name":"fetchAV","decl":{"start":{"line":32,"column":15},"end":{"line":32,"column":23}},"loc":{"start":{"line":32,"column":89},"end":{"line":64,"column":null}},"line":32},"3":{"name":"(anonymous_3)","decl":{"start":{"line":39,"column":67},"end":{"line":39,"column":68}},"loc":{"start":{"line":40,"column":4},"end":{"line":40,"column":null}},"line":40},"4":{"name":"getTimeSeries","decl":{"start":{"line":72,"column":22},"end":{"line":72,"column":36}},"loc":{"start":{"line":72,"column":77},"end":{"line":100,"column":null}},"line":72},"5":{"name":"(anonymous_5)","decl":{"start":{"line":88,"column":9},"end":{"line":88,"column":10}},"loc":{"start":{"line":88,"column":25},"end":{"line":95,"column":6}},"line":88},"6":{"name":"(anonymous_6)","decl":{"start":{"line":96,"column":10},"end":{"line":96,"column":11}},"loc":{"start":{"line":96,"column":20},"end":{"line":96,"column":75}},"line":96},"7":{"name":"getOverview","decl":{"start":{"line":108,"column":22},"end":{"line":108,"column":34}},"loc":{"start":{"line":108,"column":75},"end":{"line":146,"column":null}},"line":108},"8":{"name":"filterByRange","decl":{"start":{"line":153,"column":16},"end":{"line":153,"column":null}},"loc":{"start":{"line":156,"column":18},"end":{"line":160,"column":null}},"line":156},"9":{"name":"(anonymous_9)","decl":{"start":{"line":159,"column":23},"end":{"line":159,"column":28}},"loc":{"start":{"line":159,"column":28},"end":{"line":159,"column":54}},"line":159},"10":{"name":"clearCache","decl":{"start":{"line":162,"column":16},"end":{"line":162,"column":29}},"loc":{"start":{"line":162,"column":29},"end":{"line":164,"column":null}},"line":162}},"branchMap":{"0":{"loc":{"start":{"line":16,"column":2},"end":{"line":16,"column":null}},"type":"if","locations":[{"start":{"line":16,"column":2},"end":{"line":16,"column":null}},{"start":{},"end":{}}],"line":16},"1":{"loc":{"start":{"line":17,"column":2},"end":{"line":20,"column":null}},"type":"if","locations":[{"start":{"line":17,"column":2},"end":{"line":20,"column":null}},{"start":{},"end":{}}],"line":17},"2":{"loc":{"start":{"line":17,"column":41},"end":{"line":17,"column":95}},"type":"cond-expr","locations":[{"start":{"line":17,"column":70},"end":{"line":17,"column":83}},{"start":{"line":17,"column":83},"end":{"line":17,"column":95}}],"line":17},"3":{"loc":{"start":{"line":33,"column":2},"end":{"line":36,"column":null}},"type":"if","locations":[{"start":{"line":33,"column":2},"end":{"line":36,"column":null}},{"start":{},"end":{}}],"line":33},"4":{"loc":{"start":{"line":39,"column":38},"end":{"line":39,"column":56}},"type":"binary-expr","locations":[{"start":{"line":39,"column":38},"end":{"line":39,"column":49}},{"start":{"line":39,"column":49},"end":{"line":39,"column":56}}],"line":39},"5":{"loc":{"start":{"line":44,"column":2},"end":{"line":44,"column":null}},"type":"if","locations":[{"start":{"line":44,"column":2},"end":{"line":44,"column":null}},{"start":{},"end":{}}],"line":44},"6":{"loc":{"start":{"line":49,"column":2},"end":{"line":51,"column":null}},"type":"if","locations":[{"start":{"line":49,"column":2},"end":{"line":51,"column":null}},{"start":{},"end":{}}],"line":49},"7":{"loc":{"start":{"line":52,"column":2},"end":{"line":54,"column":null}},"type":"if","locations":[{"start":{"line":52,"column":2},"end":{"line":54,"column":null}},{"start":{},"end":{}}],"line":52},"8":{"loc":{"start":{"line":55,"column":2},"end":{"line":61,"column":null}},"type":"if","locations":[{"start":{"line":55,"column":2},"end":{"line":61,"column":null}},{"start":{},"end":{}}],"line":55},"9":{"loc":{"start":{"line":56,"column":4},"end":{"line":58,"column":null}},"type":"binary-expr","locations":[{"start":{"line":56,"column":4},"end":{"line":56,"column":null}},{"start":{"line":57,"column":4},"end":{"line":57,"column":null}},{"start":{"line":58,"column":4},"end":{"line":58,"column":null}}],"line":56},"10":{"loc":{"start":{"line":75,"column":2},"end":{"line":75,"column":null}},"type":"if","locations":[{"start":{"line":75,"column":2},"end":{"line":75,"column":null}},{"start":{},"end":{}}],"line":75},"11":{"loc":{"start":{"line":85,"column":2},"end":{"line":85,"column":null}},"type":"if","locations":[{"start":{"line":85,"column":2},"end":{"line":85,"column":null}},{"start":{},"end":{}}],"line":85},"12":{"loc":{"start":{"line":111,"column":2},"end":{"line":111,"column":null}},"type":"if","locations":[{"start":{"line":111,"column":2},"end":{"line":111,"column":null}},{"start":{},"end":{}}],"line":111},"13":{"loc":{"start":{"line":116,"column":2},"end":{"line":129,"column":null}},"type":"if","locations":[{"start":{"line":116,"column":2},"end":{"line":129,"column":null}},{"start":{},"end":{}}],"line":116},"14":{"loc":{"start":{"line":116,"column":6},"end":{"line":116,"column":57}},"type":"binary-expr","locations":[{"start":{"line":116,"column":6},"end":{"line":116,"column":40}},{"start":{"line":116,"column":40},"end":{"line":116,"column":57}}],"line":116},"15":{"loc":{"start":{"line":132,"column":13},"end":{"line":132,"column":null}},"type":"binary-expr","locations":[{"start":{"line":132,"column":13},"end":{"line":132,"column":42}},{"start":{"line":132,"column":42},"end":{"line":132,"column":null}}],"line":132},"16":{"loc":{"start":{"line":133,"column":11},"end":{"line":133,"column":null}},"type":"binary-expr","locations":[{"start":{"line":133,"column":11},"end":{"line":133,"column":38}},{"start":{"line":133,"column":38},"end":{"line":133,"column":null}}],"line":133},"17":{"loc":{"start":{"line":134,"column":18},"end":{"line":134,"column":null}},"type":"binary-expr","locations":[{"start":{"line":134,"column":18},"end":{"line":134,"column":52}},{"start":{"line":134,"column":52},"end":{"line":134,"column":null}}],"line":134},"18":{"loc":{"start":{"line":135,"column":16},"end":{"line":135,"column":null}},"type":"binary-expr","locations":[{"start":{"line":135,"column":16},"end":{"line":135,"column":48}},{"start":{"line":135,"column":48},"end":{"line":135,"column":null}}],"line":135},"19":{"loc":{"start":{"line":136,"column":19},"end":{"line":136,"column":null}},"type":"binary-expr","locations":[{"start":{"line":136,"column":19},"end":{"line":136,"column":66}},{"start":{"line":136,"column":66},"end":{"line":136,"column":null}}],"line":136},"20":{"loc":{"start":{"line":137,"column":22},"end":{"line":137,"column":null}},"type":"binary-expr","locations":[{"start":{"line":137,"column":22},"end":{"line":137,"column":72}},{"start":{"line":137,"column":72},"end":{"line":137,"column":null}}],"line":137},"21":{"loc":{"start":{"line":138,"column":15},"end":{"line":138,"column":null}},"type":"binary-expr","locations":[{"start":{"line":138,"column":15},"end":{"line":138,"column":69}},{"start":{"line":138,"column":69},"end":{"line":138,"column":null}}],"line":138},"22":{"loc":{"start":{"line":139,"column":16},"end":{"line":139,"column":null}},"type":"binary-expr","locations":[{"start":{"line":139,"column":16},"end":{"line":139,"column":60}},{"start":{"line":139,"column":60},"end":{"line":139,"column":null}}],"line":139},"23":{"loc":{"start":{"line":140,"column":15},"end":{"line":140,"column":null}},"type":"binary-expr","locations":[{"start":{"line":140,"column":15},"end":{"line":140,"column":58}},{"start":{"line":140,"column":58},"end":{"line":140,"column":null}}],"line":140},"24":{"loc":{"start":{"line":158,"column":40},"end":{"line":158,"column":61}},"type":"binary-expr","locations":[{"start":{"line":158,"column":40},"end":{"line":158,"column":55}},{"start":{"line":158,"column":55},"end":{"line":158,"column":61}}],"line":158}},"s":{"0":1,"1":1,"2":1,"3":1,"4":6,"5":6,"6":5,"7":1,"8":0,"9":0,"10":1,"11":3,"12":5,"13":5,"14":5,"15":5,"16":19,"17":5,"18":5,"19":0,"20":5,"21":5,"22":1,"23":4,"24":1,"25":3,"26":0,"27":3,"28":5,"29":5,"30":5,"31":1,"32":4,"33":2,"34":2,"35":0,"36":2,"37":3,"38":1,"39":2,"40":2,"41":1,"42":1,"43":1,"44":0,"45":1,"46":1,"47":0,"48":1,"49":1,"50":1,"51":3,"52":3,"53":3,"54":9,"55":6},"f":{"0":6,"1":3,"2":5,"3":19,"4":5,"5":3,"6":1,"7":1,"8":3,"9":9,"10":6},"b":{"0":[5,1],"1":[0,1],"2":[0,1],"3":[5,0],"4":[5,5],"5":[0,5],"6":[1,4],"7":[1,3],"8":[0,3],"9":[3,0,0],"10":[1,4],"11":[0,2],"12":[0,1],"13":[0,1],"14":[1,1],"15":[1,0],"16":[1,0],"17":[1,0],"18":[1,0],"19":[1,0],"20":[1,0],"21":[1,0],"22":[1,0],"23":[1,0],"24":[3,0]},"meta":{"lastBranch":25,"lastFunction":11,"lastStatement":56,"seen":{"s:3:17:3:Infinity":0,"s:4:16:4:Infinity":1,"s:7:14:7:Infinity":2,"s:9:12:12:Infinity":3,"f:14:9:14:21":0,"s:15:16:15:Infinity":4,"b:16:2:16:Infinity:undefined:undefined:undefined:undefined":0,"s:16:2:16:Infinity":5,"s:16:14:16:Infinity":6,"b:17:2:20:Infinity:undefined:undefined:undefined:undefined":1,"s:17:2:20:Infinity":7,"b:17:70:17:83:17:83:17:95":2,"s:18:4:18:Infinity":8,"s:19:4:19:Infinity":9,"s:21:2:21:Infinity":10,"f:24:9:24:18":1,"s:25:2:25:Infinity":11,"f:32:15:32:23":2,"b:33:2:36:Infinity:undefined:undefined:undefined:undefined":3,"s:33:2:36:Infinity":12,"s:34:4:34:Infinity":13,"s:38:14:38:Infinity":14,"s:39:2:41:Infinity":15,"b:39:38:39:49:39:49:39:56":4,"f:39:67:39:68":3,"s:40:4:40:Infinity":16,"s:43:14:43:Infinity":17,"b:44:2:44:Infinity:undefined:undefined:undefined:undefined":5,"s:44:2:44:Infinity":18,"s:44:15:44:Infinity":19,"s:46:16:46:Infinity":20,"b:49:2:51:Infinity:undefined:undefined:undefined:undefined":6,"s:49:2:51:Infinity":21,"s:50:4:50:Infinity":22,"b:52:2:54:Infinity:undefined:undefined:undefined:undefined":7,"s:52:2:54:Infinity":23,"s:53:4:53:Infinity":24,"b:55:2:61:Infinity:undefined:undefined:undefined:undefined":8,"s:55:2:61:Infinity":25,"b:56:4:56:Infinity:57:4:57:Infinity:58:4:58:Infinity":9,"s:60:4:60:Infinity":26,"s:63:2:63:Infinity":27,"f:72:22:72:36":4,"s:73:14:73:Infinity":28,"s:74:17:74:Infinity":29,"b:75:2:75:Infinity:undefined:undefined:undefined:undefined":10,"s:75:2:75:Infinity":30,"s:75:14:75:Infinity":31,"s:77:15:81:Infinity":32,"s:84:17:84:Infinity":33,"b:85:2:85:Infinity:undefined:undefined:undefined:undefined":11,"s:85:2:85:Infinity":34,"s:85:15:85:Infinity":35,"s:87:33:96:Infinity":36,"f:88:9:88:10":5,"s:88:25:95:6":37,"f:96:10:96:11":6,"s:96:20:96:75":38,"s:98:2:98:Infinity":39,"s:99:2:99:Infinity":40,"f:108:22:108:34":7,"s:109:14:109:Infinity":41,"s:110:17:110:Infinity":42,"b:111:2:111:Infinity:undefined:undefined:undefined:undefined":12,"s:111:2:111:Infinity":43,"s:111:14:111:Infinity":44,"s:113:15:113:Infinity":45,"b:116:2:129:Infinity:undefined:undefined:undefined:undefined":13,"s:116:2:129:Infinity":46,"b:116:6:116:40:116:40:116:57":14,"s:117:4:128:Infinity":47,"s:131:33:142:Infinity":48,"b:132:13:132:42:132:42:132:Infinity":15,"b:133:11:133:38:133:38:133:Infinity":16,"b:134:18:134:52:134:52:134:Infinity":17,"b:135:16:135:48:135:48:135:Infinity":18,"b:136:19:136:66:136:66:136:Infinity":19,"b:137:22:137:72:137:72:137:Infinity":20,"b:138:15:138:69:138:69:138:Infinity":21,"b:139:16:139:60:139:60:139:Infinity":22,"b:140:15:140:58:140:58:140:Infinity":23,"s:144:2:144:Infinity":49,"s:145:2:145:Infinity":50,"f:153:16:153:Infinity":8,"s:157:39:157:Infinity":51,"s:158:17:158:Infinity":52,"b:158:40:158:55:158:55:158:61":24,"s:159:2:159:Infinity":53,"f:159:23:159:28":9,"s:159:28:159:54":54,"f:162:16:162:29":10,"s:163:2:163:Infinity":55}}}
,"/Users/usuario/CursoFrontend/kasane/src/services/calculations.ts": {"path":"/Users/usuario/CursoFrontend/kasane/src/services/calculations.ts","statementMap":{"0":{"start":{"line":31,"column":66},"end":{"line":31,"column":null}},"1":{"start":{"line":32,"column":22},"end":{"line":32,"column":null}},"2":{"start":{"line":34,"column":19},"end":{"line":34,"column":null}},"3":{"start":{"line":35,"column":22},"end":{"line":35,"column":null}},"4":{"start":{"line":36,"column":40},"end":{"line":36,"column":null}},"5":{"start":{"line":39,"column":2},"end":{"line":44,"column":null}},"6":{"start":{"line":46,"column":2},"end":{"line":59,"column":null}},"7":{"start":{"line":46,"column":17},"end":{"line":46,"column":20}},"8":{"start":{"line":48,"column":4},"end":{"line":48,"column":null}},"9":{"start":{"line":50,"column":4},"end":{"line":50,"column":null}},"10":{"start":{"line":51,"column":4},"end":{"line":51,"column":null}},"11":{"start":{"line":53,"column":4},"end":{"line":58,"column":null}},"12":{"start":{"line":61,"column":19},"end":{"line":61,"column":null}},"13":{"start":{"line":62,"column":28},"end":{"line":62,"column":null}},"14":{"start":{"line":64,"column":2},"end":{"line":71,"column":null}},"15":{"start":{"line":76,"column":55},"end":{"line":80,"column":null}},"16":{"start":{"line":87,"column":2},"end":{"line":90,"column":null}},"17":{"start":{"line":101,"column":20},"end":{"line":101,"column":null}},"18":{"start":{"line":103,"column":2},"end":{"line":108,"column":null}},"19":{"start":{"line":114,"column":2},"end":{"line":114,"column":null}},"20":{"start":{"line":122,"column":24},"end":{"line":122,"column":null}},"21":{"start":{"line":124,"column":2},"end":{"line":136,"column":null}},"22":{"start":{"line":126,"column":4},"end":{"line":126,"column":null}},"23":{"start":{"line":127,"column":2},"end":{"line":136,"column":null}},"24":{"start":{"line":129,"column":4},"end":{"line":129,"column":null}},"25":{"start":{"line":130,"column":2},"end":{"line":136,"column":null}},"26":{"start":{"line":132,"column":4},"end":{"line":132,"column":null}},"27":{"start":{"line":135,"column":4},"end":{"line":135,"column":null}},"28":{"start":{"line":170,"column":28},"end":{"line":170,"column":null}},"29":{"start":{"line":170,"column":56},"end":{"line":170,"column":62}},"30":{"start":{"line":170,"column":79},"end":{"line":170,"column":84}},"31":{"start":{"line":172,"column":2},"end":{"line":174,"column":null}},"32":{"start":{"line":173,"column":4},"end":{"line":173,"column":null}},"33":{"start":{"line":176,"column":20},"end":{"line":176,"column":null}},"34":{"start":{"line":176,"column":36},"end":{"line":176,"column":52}},"35":{"start":{"line":178,"column":2},"end":{"line":180,"column":null}},"36":{"start":{"line":179,"column":4},"end":{"line":179,"column":null}},"37":{"start":{"line":182,"column":26},"end":{"line":182,"column":null}},"38":{"start":{"line":183,"column":38},"end":{"line":183,"column":null}},"39":{"start":{"line":185,"column":2},"end":{"line":219,"column":null}},"40":{"start":{"line":186,"column":10},"end":{"line":186,"column":null}},"41":{"start":{"line":187,"column":4},"end":{"line":191,"column":null}},"42":{"start":{"line":188,"column":6},"end":{"line":190,"column":null}},"43":{"start":{"line":194,"column":28},"end":{"line":194,"column":null}},"44":{"start":{"line":195,"column":27},"end":{"line":195,"column":null}},"45":{"start":{"line":198,"column":22},"end":{"line":203,"column":null}},"46":{"start":{"line":207,"column":27},"end":{"line":207,"column":null}},"47":{"start":{"line":208,"column":17},"end":{"line":212,"column":null}},"48":{"start":{"line":209,"column":6},"end":{"line":209,"column":null}},"49":{"start":{"line":209,"column":30},"end":{"line":209,"column":null}},"50":{"start":{"line":210,"column":19},"end":{"line":210,"column":null}},"51":{"start":{"line":210,"column":49},"end":{"line":210,"column":60}},"52":{"start":{"line":211,"column":6},"end":{"line":211,"column":null}},"53":{"start":{"line":214,"column":4},"end":{"line":218,"column":null}},"54":{"start":{"line":221,"column":2},"end":{"line":221,"column":null}}},"fnMap":{"0":{"name":"calcularDCA","decl":{"start":{"line":30,"column":16},"end":{"line":30,"column":28}},"loc":{"start":{"line":30,"column":64},"end":{"line":72,"column":null}},"line":30},"1":{"name":"calcularTasaPortafolio","decl":{"start":{"line":86,"column":16},"end":{"line":86,"column":39}},"loc":{"start":{"line":86,"column":80},"end":{"line":92,"column":null}},"line":86},"2":{"name":"simularPortafolio","decl":{"start":{"line":97,"column":16},"end":{"line":97,"column":null}},"loc":{"start":{"line":100,"column":21},"end":{"line":109,"column":null}},"line":100},"3":{"name":"round","decl":{"start":{"line":113,"column":9},"end":{"line":113,"column":15}},"loc":{"start":{"line":113,"column":52},"end":{"line":115,"column":null}},"line":113},"4":{"name":"sugerirAsignacion","decl":{"start":{"line":121,"column":16},"end":{"line":121,"column":34}},"loc":{"start":{"line":121,"column":77},"end":{"line":137,"column":null}},"line":121},"5":{"name":"calcularMix","decl":{"start":{"line":162,"column":16},"end":{"line":162,"column":null}},"loc":{"start":{"line":167,"column":23},"end":{"line":222,"column":null}},"line":167},"6":{"name":"(anonymous_6)","decl":{"start":{"line":170,"column":51},"end":{"line":170,"column":56}},"loc":{"start":{"line":170,"column":56},"end":{"line":170,"column":62}},"line":170},"7":{"name":"(anonymous_7)","decl":{"start":{"line":170,"column":69},"end":{"line":170,"column":70}},"loc":{"start":{"line":170,"column":79},"end":{"line":170,"column":84}},"line":170},"8":{"name":"(anonymous_8)","decl":{"start":{"line":176,"column":31},"end":{"line":176,"column":36}},"loc":{"start":{"line":176,"column":36},"end":{"line":176,"column":52}},"line":176},"9":{"name":"(anonymous_9)","decl":{"start":{"line":208,"column":39},"end":{"line":208,"column":44}},"loc":{"start":{"line":208,"column":44},"end":{"line":212,"column":5}},"line":208},"10":{"name":"(anonymous_10)","decl":{"start":{"line":210,"column":44},"end":{"line":210,"column":49}},"loc":{"start":{"line":210,"column":49},"end":{"line":210,"column":60}},"line":210}},"branchMap":{"0":{"loc":{"start":{"line":62,"column":28},"end":{"line":62,"column":null}},"type":"cond-expr","locations":[{"start":{"line":62,"column":49},"end":{"line":62,"column":83}},{"start":{"line":62,"column":83},"end":{"line":62,"column":null}}],"line":62},"1":{"loc":{"start":{"line":113,"column":30},"end":{"line":113,"column":52}},"type":"default-arg","locations":[{"start":{"line":113,"column":41},"end":{"line":113,"column":52}}],"line":113},"2":{"loc":{"start":{"line":124,"column":2},"end":{"line":136,"column":null}},"type":"if","locations":[{"start":{"line":124,"column":2},"end":{"line":136,"column":null}},{"start":{"line":127,"column":2},"end":{"line":136,"column":null}}],"line":124},"3":{"loc":{"start":{"line":127,"column":2},"end":{"line":136,"column":null}},"type":"if","locations":[{"start":{"line":127,"column":2},"end":{"line":136,"column":null}},{"start":{"line":130,"column":2},"end":{"line":136,"column":null}}],"line":127},"4":{"loc":{"start":{"line":130,"column":2},"end":{"line":136,"column":null}},"type":"if","locations":[{"start":{"line":130,"column":2},"end":{"line":136,"column":null}},{"start":{"line":133,"column":9},"end":{"line":136,"column":null}}],"line":130},"5":{"loc":{"start":{"line":172,"column":2},"end":{"line":174,"column":null}},"type":"if","locations":[{"start":{"line":172,"column":2},"end":{"line":174,"column":null}},{"start":{},"end":{}}],"line":172},"6":{"loc":{"start":{"line":178,"column":2},"end":{"line":180,"column":null}},"type":"if","locations":[{"start":{"line":178,"column":2},"end":{"line":180,"column":null}},{"start":{},"end":{}}],"line":178},"7":{"loc":{"start":{"line":187,"column":4},"end":{"line":191,"column":null}},"type":"if","locations":[{"start":{"line":187,"column":4},"end":{"line":191,"column":null}},{"start":{},"end":{}}],"line":187},"8":{"loc":{"start":{"line":209,"column":6},"end":{"line":209,"column":null}},"type":"if","locations":[{"start":{"line":209,"column":6},"end":{"line":209,"column":null}},{"start":{},"end":{}}],"line":209},"9":{"loc":{"start":{"line":211,"column":13},"end":{"line":211,"column":null}},"type":"cond-expr","locations":[{"start":{"line":211,"column":20},"end":{"line":211,"column":45}},{"start":{"line":211,"column":45},"end":{"line":211,"column":null}}],"line":211}},"s":{"0":16,"1":16,"2":16,"3":16,"4":16,"5":16,"6":16,"7":16,"8":342,"9":342,"10":342,"11":342,"12":16,"13":16,"14":16,"15":1,"16":5,"17":1,"18":1,"19":1109,"20":10,"21":10,"22":3,"23":7,"24":3,"25":4,"26":2,"27":2,"28":9,"29":27,"30":15,"31":9,"32":1,"33":8,"34":10,"35":8,"36":1,"37":7,"38":7,"39":7,"40":8,"41":8,"42":1,"43":7,"44":7,"45":7,"46":7,"47":7,"48":20,"49":1,"50":19,"51":433,"52":19,"53":7,"54":6},"f":{"0":16,"1":5,"2":1,"3":1109,"4":10,"5":9,"6":27,"7":15,"8":10,"9":20,"10":433},"b":{"0":[16,0],"1":[1109],"2":[3,7],"3":[3,4],"4":[2,2],"5":[1,8],"6":[1,7],"7":[1,7],"8":[1,19],"9":[19,0]},"meta":{"lastBranch":10,"lastFunction":11,"lastStatement":55,"seen":{"f:30:16:30:28":0,"s:31:66:31:Infinity":0,"s:32:22:32:Infinity":1,"s:34:19:34:Infinity":2,"s:35:22:35:Infinity":3,"s:36:40:36:Infinity":4,"s:39:2:44:Infinity":5,"s:46:2:59:Infinity":6,"s:46:17:46:20":7,"s:48:4:48:Infinity":8,"s:50:4:50:Infinity":9,"s:51:4:51:Infinity":10,"s:53:4:58:Infinity":11,"s:61:19:61:Infinity":12,"s:62:28:62:Infinity":13,"b:62:49:62:83:62:83:62:Infinity":0,"s:64:2:71:Infinity":14,"s:76:55:80:Infinity":15,"f:86:16:86:39":1,"s:87:2:90:Infinity":16,"f:97:16:97:Infinity":2,"s:101:20:101:Infinity":17,"s:103:2:108:Infinity":18,"f:113:9:113:15":3,"b:113:41:113:52":1,"s:114:2:114:Infinity":19,"f:121:16:121:34":4,"s:122:24:122:Infinity":20,"b:124:2:136:Infinity:127:2:136:Infinity":2,"s:124:2:136:Infinity":21,"s:126:4:126:Infinity":22,"b:127:2:136:Infinity:130:2:136:Infinity":3,"s:127:2:136:Infinity":23,"s:129:4:129:Infinity":24,"b:130:2:136:Infinity:133:9:136:Infinity":4,"s:130:2:136:Infinity":25,"s:132:4:132:Infinity":26,"s:135:4:135:Infinity":27,"f:162:16:162:Infinity":5,"s:170:28:170:Infinity":28,"f:170:51:170:56":6,"s:170:56:170:62":29,"f:170:69:170:70":7,"s:170:79:170:84":30,"b:172:2:174:Infinity:undefined:undefined:undefined:undefined":5,"s:172:2:174:Infinity":31,"s:173:4:173:Infinity":32,"s:176:20:176:Infinity":33,"f:176:31:176:36":8,"s:176:36:176:52":34,"b:178:2:180:Infinity:undefined:undefined:undefined:undefined":6,"s:178:2:180:Infinity":35,"s:179:4:179:Infinity":36,"s:182:26:182:Infinity":37,"s:183:38:183:Infinity":38,"s:185:2:219:Infinity":39,"s:186:10:186:Infinity":40,"b:187:4:191:Infinity:undefined:undefined:undefined:undefined":7,"s:187:4:191:Infinity":41,"s:188:6:190:Infinity":42,"s:194:28:194:Infinity":43,"s:195:27:195:Infinity":44,"s:198:22:203:Infinity":45,"s:207:27:207:Infinity":46,"s:208:17:212:Infinity":47,"f:208:39:208:44":9,"b:209:6:209:Infinity:undefined:undefined:undefined:undefined":8,"s:209:6:209:Infinity":48,"s:209:30:209:Infinity":49,"s:210:19:210:Infinity":50,"f:210:44:210:49":10,"s:210:49:210:60":51,"s:211:6:211:Infinity":52,"b:211:20:211:45:211:45:211:Infinity":9,"s:214:4:218:Infinity":53,"s:221:2:221:Infinity":54}}}
,"/Users/usuario/CursoFrontend/kasane/src/stores/simulations.ts": {"path":"/Users/usuario/CursoFrontend/kasane/src/stores/simulations.ts","statementMap":{"0":{"start":{"line":5,"column":13},"end":{"line":40,"column":null}},"1":{"start":{"line":6,"column":8},"end":{"line":6,"column":null}},"2":{"start":{"line":7,"column":8},"end":{"line":7,"column":null}},"3":{"start":{"line":8,"column":8},"end":{"line":8,"column":null}},"4":{"start":{"line":11,"column":4},"end":{"line":11,"column":null}},"5":{"start":{"line":12,"column":4},"end":{"line":12,"column":null}},"6":{"start":{"line":13,"column":4},"end":{"line":20,"column":null}},"7":{"start":{"line":14,"column":6},"end":{"line":14,"column":null}},"8":{"start":{"line":16,"column":6},"end":{"line":16,"column":null}},"9":{"start":{"line":17,"column":6},"end":{"line":17,"column":null}},"10":{"start":{"line":19,"column":6},"end":{"line":19,"column":null}},"11":{"start":{"line":24,"column":4},"end":{"line":30,"column":null}},"12":{"start":{"line":25,"column":6},"end":{"line":25,"column":null}},"13":{"start":{"line":26,"column":6},"end":{"line":26,"column":null}},"14":{"start":{"line":26,"column":48},"end":{"line":26,"column":69}},"15":{"start":{"line":28,"column":6},"end":{"line":28,"column":null}},"16":{"start":{"line":29,"column":6},"end":{"line":29,"column":null}},"17":{"start":{"line":34,"column":4},"end":{"line":34,"column":null}},"18":{"start":{"line":35,"column":4},"end":{"line":35,"column":null}},"19":{"start":{"line":36,"column":4},"end":{"line":36,"column":null}},"20":{"start":{"line":39,"column":2},"end":{"line":39,"column":null}}},"fnMap":{"0":{"name":"(anonymous_0)","decl":{"start":{"line":5,"column":62},"end":{"line":5,"column":68}},"loc":{"start":{"line":5,"column":68},"end":{"line":40,"column":1}},"line":5},"1":{"name":"fetch","decl":{"start":{"line":10,"column":17},"end":{"line":10,"column":23}},"loc":{"start":{"line":10,"column":36},"end":{"line":21,"column":null}},"line":10},"2":{"name":"remove","decl":{"start":{"line":23,"column":17},"end":{"line":23,"column":24}},"loc":{"start":{"line":23,"column":59},"end":{"line":31,"column":null}},"line":23},"3":{"name":"(anonymous_3)","decl":{"start":{"line":26,"column":43},"end":{"line":26,"column":48}},"loc":{"start":{"line":26,"column":48},"end":{"line":26,"column":69}},"line":26},"4":{"name":"reset","decl":{"start":{"line":33,"column":11},"end":{"line":33,"column":19}},"loc":{"start":{"line":33,"column":19},"end":{"line":37,"column":null}},"line":33}},"branchMap":{},"s":{"0":1,"1":6,"2":6,"3":6,"4":4,"5":4,"6":4,"7":4,"8":1,"9":1,"10":4,"11":2,"12":2,"13":1,"14":2,"15":1,"16":1,"17":1,"18":1,"19":1,"20":6},"f":{"0":6,"1":4,"2":2,"3":2,"4":1},"b":{},"meta":{"lastBranch":0,"lastFunction":5,"lastStatement":21,"seen":{"s:5:13:40:Infinity":0,"f:5:62:5:68":0,"s:6:8:6:Infinity":1,"s:7:8:7:Infinity":2,"s:8:8:8:Infinity":3,"f:10:17:10:23":1,"s:11:4:11:Infinity":4,"s:12:4:12:Infinity":5,"s:13:4:20:Infinity":6,"s:14:6:14:Infinity":7,"s:16:6:16:Infinity":8,"s:17:6:17:Infinity":9,"s:19:6:19:Infinity":10,"f:23:17:23:24":2,"s:24:4:30:Infinity":11,"s:25:6:25:Infinity":12,"s:26:6:26:Infinity":13,"f:26:43:26:48":3,"s:26:48:26:69":14,"s:28:6:28:Infinity":15,"s:29:6:29:Infinity":16,"f:33:11:33:19":4,"s:34:4:34:Infinity":17,"s:35:4:35:Infinity":18,"s:36:4:36:Infinity":19,"s:39:2:39:Infinity":20}}}
}
